<?xml version="1.0" encoding="UTF-8"?>
<testng-results skipped="0" failed="0" ignored="0" total="1" passed="1">
  <reporter-output>
  </reporter-output>
  <suite name="Default suite" duration-ms="110" started-at="2018-11-22T20:21:54Z" finished-at="2018-11-22T20:21:54Z">
    <groups>
    </groups>
    <test name="Default test" duration-ms="110" started-at="2018-11-22T20:21:54Z" finished-at="2018-11-22T20:21:54Z">
      <class name="mavenpractice.Subsctraction">
        <test-method status="PASS" signature="substractionclass()[pri:0, instance:mavenpractice.Subsctraction@4678c730]" name="substractionclass" duration-ms="32" started-at="2018-11-22T20:21:54Z" finished-at="2018-11-22T20:21:54Z">
          <reporter-output>
          </reporter-output>
        </test-method> <!-- substractionclass -->
      </class> <!-- mavenpractice.Subsctraction -->
    </test> <!-- Default test -->
  </suite> <!-- Default suite -->
</testng-results>
